This file contains any messages produced by compilers while
running configure, to aid debugging if configure makes a mistake.

It was created by configure, which was
generated by GNU Autoconf 2.69.  Invocation command line was

  $ ./configure --enable-maintainer-mode CC=i686-apple-darwin11-llvm-gcc-4.2 CFLAGS=-isysroot /Applications/Xcode.app/Contents/Developer/Platforms/iPhoneSimulator.platform/Developer/SDKs/iPhoneSimulator6.1.sdk SDL_CFLAGS=-isysroot /Applications/Xcode.app/Contents/Developer/Platforms/iPhoneSimulator.platform/Developer/SDKs/iPhoneSimulator6.1.sdk --host=i686-apple-darwin --disable-shared --prefix=/Users/yc/Desktop/ons/onscripter_ios/Release-iphonesimulator

## --------- ##
## Platform. ##
## --------- ##

hostname = ycmatoMacBook-Pro.local
uname -m = x86_64
uname -r = 11.4.2
uname -s = Darwin
uname -v = Darwin Kernel Version 11.4.2: Thu Aug 23 16:25:48 PDT 2012; root:xnu-1699.32.7~1/RELEASE_X86_64

/usr/bin/uname -p = i386
/bin/uname -X     = unknown

/bin/arch              = unknown
/usr/bin/arch -k       = unknown
/usr/convex/getsysinfo = unknown
/usr/bin/hostinfo      = Mach kernel version:
	 Darwin Kernel Version 11.4.2: Thu Aug 23 16:25:48 PDT 2012; root:xnu-1699.32.7~1/RELEASE_X86_64
Kernel configured for up to 2 processors.
2 processors are physically available.
2 processors are logically available.
Processor type: i486 (Intel 80486)
Processors active: 0 1
Primary memory available: 6.00 gigabytes
Default processor set: 93 tasks, 388 threads, 2 processors
Load average: 2.84, Mach factor: 0.22
/bin/machine           = unknown
/usr/bin/oslevel       = unknown
/bin/universe          = unknown

PATH: /Applications/Xcode.app/Contents/Developer/Platforms/iPhoneSimulator.platform/Developer/usr/bin
PATH: /Applications/Xcode.app/Contents/Developer/Platforms/iPhoneOS.platform/Developer/usr/bin
PATH: /opt/local/bin
PATH: /opt/local/sbin
PATH: /usr/bin
PATH: /bin
PATH: /usr/sbin
PATH: /sbin
PATH: /usr/local/bin
PATH: /usr/X11/bin


## ----------- ##
## Core tests. ##
## ----------- ##

configure:2297: checking build system type
configure:2311: result: i386-apple-darwin11.4.2
configure:2331: checking host system type
configure:2344: result: i686-apple-darwin
configure:2364: checking target system type
configure:2377: result: i686-apple-darwin
configure:2423: checking for a BSD-compatible install
configure:2491: result: /usr/bin/install -c
configure:2502: checking whether build environment is sane
configure:2557: result: yes
configure:2616: checking for i686-apple-darwin-strip
configure:2646: result: no
configure:2656: checking for strip
configure:2672: found /Applications/Xcode.app/Contents/Developer/Platforms/iPhoneSimulator.platform/Developer/usr/bin/strip
configure:2683: result: strip
configure:2708: checking for a thread-safe mkdir -p
configure:2747: result: ./install-sh -c -d
configure:2754: checking for gawk
configure:2784: result: no
configure:2754: checking for mawk
configure:2784: result: no
configure:2754: checking for nawk
configure:2784: result: no
configure:2754: checking for awk
configure:2770: found /usr/bin/awk
configure:2781: result: awk
configure:2792: checking whether make sets $(MAKE)
configure:2814: result: yes
configure:2843: checking whether make supports nested variables
configure:2860: result: yes
configure:2959: checking for i686-apple-darwin-gcc
configure:2986: result: i686-apple-darwin11-llvm-gcc-4.2
configure:3255: checking for C compiler version
configure:3264: i686-apple-darwin11-llvm-gcc-4.2 --version >&5
i686-apple-darwin11-llvm-gcc-4.2 (GCC) 4.2.1 (Based on Apple Inc. build 5658) (LLVM build 2336.11.00)
Copyright (C) 2007 Free Software Foundation, Inc.
This is free software; see the source for copying conditions.  There is NO
warranty; not even for MERCHANTABILITY or FITNESS FOR A PARTICULAR PURPOSE.

configure:3275: $? = 0
configure:3264: i686-apple-darwin11-llvm-gcc-4.2 -v >&5
Using built-in specs.
Target: i686-apple-darwin11
Configured with: /private/var/tmp/llvmgcc42/llvmgcc42-2336.11~148/src/configure --disable-checking --enable-werror --prefix=/Applications/Xcode.app/Contents/Developer/usr/llvm-gcc-4.2 --mandir=/share/man --enable-languages=c,objc,c++,obj-c++ --program-prefix=llvm- --program-transform-name=/^[cg][^.-]*$/s/$/-4.2/ --with-slibdir=/usr/lib --build=i686-apple-darwin11 --enable-llvm=/private/var/tmp/llvmgcc42/llvmgcc42-2336.11~148/dst-llvmCore/Developer/usr/local --program-prefix=i686-apple-darwin11- --host=x86_64-apple-darwin11 --target=i686-apple-darwin11 --with-gxx-include-dir=/usr/include/c++/4.2.1
Thread model: posix
gcc version 4.2.1 (Based on Apple Inc. build 5658) (LLVM build 2336.11.00)
configure:3275: $? = 0
configure:3264: i686-apple-darwin11-llvm-gcc-4.2 -V >&5
i686-apple-darwin11-llvm-gcc-4.2: '-V' option must have argument
configure:3275: $? = 1
configure:3264: i686-apple-darwin11-llvm-gcc-4.2 -qversion >&5
i686-apple-darwin11-llvm-gcc-4.2: no input files
configure:3275: $? = 1
configure:3295: checking whether the C compiler works
configure:3317: i686-apple-darwin11-llvm-gcc-4.2 -isysroot /Applications/Xcode.app/Contents/Developer/Platforms/iPhoneSimulator.platform/Developer/SDKs/iPhoneSimulator6.1.sdk   conftest.c  >&5
configure:3321: $? = 0
configure:3369: result: yes
configure:3372: checking for C compiler default output file name
configure:3374: result: a.out
configure:3380: checking for suffix of executables
configure:3387: i686-apple-darwin11-llvm-gcc-4.2 -o conftest -isysroot /Applications/Xcode.app/Contents/Developer/Platforms/iPhoneSimulator.platform/Developer/SDKs/iPhoneSimulator6.1.sdk   conftest.c  >&5
configure:3391: $? = 0
configure:3413: result: 
configure:3435: checking whether we are cross compiling
configure:3443: i686-apple-darwin11-llvm-gcc-4.2 -o conftest -isysroot /Applications/Xcode.app/Contents/Developer/Platforms/iPhoneSimulator.platform/Developer/SDKs/iPhoneSimulator6.1.sdk   conftest.c  >&5
configure:3447: $? = 0
configure:3454: ./conftest
configure:3458: $? = 0
configure:3473: result: no
configure:3478: checking for suffix of object files
configure:3500: i686-apple-darwin11-llvm-gcc-4.2 -c -isysroot /Applications/Xcode.app/Contents/Developer/Platforms/iPhoneSimulator.platform/Developer/SDKs/iPhoneSimulator6.1.sdk  conftest.c >&5
configure:3504: $? = 0
configure:3525: result: o
configure:3529: checking whether we are using the GNU C compiler
configure:3548: i686-apple-darwin11-llvm-gcc-4.2 -c -isysroot /Applications/Xcode.app/Contents/Developer/Platforms/iPhoneSimulator.platform/Developer/SDKs/iPhoneSimulator6.1.sdk  conftest.c >&5
configure:3548: $? = 0
configure:3557: result: yes
configure:3566: checking whether i686-apple-darwin11-llvm-gcc-4.2 accepts -g
configure:3586: i686-apple-darwin11-llvm-gcc-4.2 -c -g  conftest.c >&5
configure:3586: $? = 0
configure:3627: result: yes
configure:3644: checking for i686-apple-darwin11-llvm-gcc-4.2 option to accept ISO C89
configure:3707: i686-apple-darwin11-llvm-gcc-4.2  -c -isysroot /Applications/Xcode.app/Contents/Developer/Platforms/iPhoneSimulator.platform/Developer/SDKs/iPhoneSimulator6.1.sdk  conftest.c >&5
configure:3707: $? = 0
configure:3720: result: none needed
configure:3751: checking for style of include used by make
configure:3779: result: GNU
configure:3805: checking dependency style of i686-apple-darwin11-llvm-gcc-4.2
configure:3916: result: gcc3
configure:3936: checking how to run the C preprocessor
configure:3967: i686-apple-darwin11-llvm-gcc-4.2 -E  conftest.c
configure:3967: $? = 0
configure:3981: i686-apple-darwin11-llvm-gcc-4.2 -E  conftest.c
conftest.c:11:28: error: ac_nonexistent.h: No such file or directory
configure:3981: $? = 1
configure: failed program was:
| /* confdefs.h */
| #define PACKAGE_NAME ""
| #define PACKAGE_TARNAME ""
| #define PACKAGE_VERSION ""
| #define PACKAGE_STRING ""
| #define PACKAGE_BUGREPORT ""
| #define PACKAGE_URL ""
| #define PACKAGE "libvorbisidec"
| #define VERSION "1.2.0"
| /* end confdefs.h.  */
| #include <ac_nonexistent.h>
configure:4006: result: i686-apple-darwin11-llvm-gcc-4.2 -E
configure:4026: i686-apple-darwin11-llvm-gcc-4.2 -E  conftest.c
configure:4026: $? = 0
configure:4040: i686-apple-darwin11-llvm-gcc-4.2 -E  conftest.c
conftest.c:11:28: error: ac_nonexistent.h: No such file or directory
configure:4040: $? = 1
configure: failed program was:
| /* confdefs.h */
| #define PACKAGE_NAME ""
| #define PACKAGE_TARNAME ""
| #define PACKAGE_VERSION ""
| #define PACKAGE_STRING ""
| #define PACKAGE_BUGREPORT ""
| #define PACKAGE_URL ""
| #define PACKAGE "libvorbisidec"
| #define VERSION "1.2.0"
| /* end confdefs.h.  */
| #include <ac_nonexistent.h>
configure:4116: checking how to print strings
configure:4143: result: printf
configure:4164: checking for a sed that does not truncate output
configure:4228: result: /usr/bin/sed
configure:4246: checking for grep that handles long lines and -e
configure:4304: result: /usr/bin/grep
configure:4309: checking for egrep
configure:4371: result: /usr/bin/grep -E
configure:4376: checking for fgrep
configure:4438: result: /usr/bin/grep -F
configure:4473: checking for ld used by i686-apple-darwin11-llvm-gcc-4.2
configure:4540: result: /Applications/Xcode.app/Contents/Developer/usr/llvm-gcc-4.2/libexec/gcc/i686-apple-darwin11/4.2.1/ld
configure:4547: checking if the linker (/Applications/Xcode.app/Contents/Developer/usr/llvm-gcc-4.2/libexec/gcc/i686-apple-darwin11/4.2.1/ld) is GNU ld
configure:4562: result: no
configure:4574: checking for BSD- or MS-compatible name lister (nm)
configure:4623: result: no
configure:4637: checking for i686-apple-darwin-dumpbin
configure:4667: result: no
configure:4637: checking for i686-apple-darwin-link
configure:4667: result: no
configure:4681: checking for dumpbin
configure:4711: result: no
configure:4681: checking for link
configure:4697: found /bin/link
configure:4708: result: link -dump
configure:4753: checking the name lister (nm) interface
configure:4760: i686-apple-darwin11-llvm-gcc-4.2 -c -isysroot /Applications/Xcode.app/Contents/Developer/Platforms/iPhoneSimulator.platform/Developer/SDKs/iPhoneSimulator6.1.sdk  conftest.c >&5
configure:4763: nm "conftest.o"
configure:4766: output
00000000 S _some_variable
configure:4773: result: BSD nm
configure:4776: checking whether ln -s works
configure:4780: result: yes
configure:4788: checking the maximum length of command line arguments
configure:4918: result: 196608
configure:4935: checking whether the shell understands some XSI constructs
configure:4945: result: yes
configure:4949: checking whether the shell understands "+="
configure:4955: result: yes
configure:4990: checking how to convert i386-apple-darwin11.4.2 file names to i686-apple-darwin format
configure:5030: result: func_convert_file_noop
configure:5037: checking how to convert i386-apple-darwin11.4.2 file names to toolchain format
configure:5057: result: func_convert_file_noop
configure:5064: checking for /Applications/Xcode.app/Contents/Developer/usr/llvm-gcc-4.2/libexec/gcc/i686-apple-darwin11/4.2.1/ld option to reload object files
configure:5071: result: -r
configure:5105: checking for i686-apple-darwin-objdump
configure:5135: result: no
configure:5145: checking for objdump
configure:5175: result: no
configure:5204: checking how to recognize dependent libraries
configure:5406: result: pass_all
configure:5451: checking for i686-apple-darwin-dlltool
configure:5481: result: no
configure:5491: checking for dlltool
configure:5521: result: no
configure:5551: checking how to associate runtime and link libraries
configure:5578: result: printf %s\n
configure:5595: checking for i686-apple-darwin-ar
configure:5625: result: no
configure:5639: checking for ar
configure:5655: found /Applications/Xcode.app/Contents/Developer/Platforms/iPhoneSimulator.platform/Developer/usr/bin/ar
configure:5666: result: ar
configure:5703: checking for archiver @FILE support
configure:5720: i686-apple-darwin11-llvm-gcc-4.2 -c -isysroot /Applications/Xcode.app/Contents/Developer/Platforms/iPhoneSimulator.platform/Developer/SDKs/iPhoneSimulator6.1.sdk  conftest.c >&5
configure:5720: $? = 0
configure:5723: ar cru libconftest.a @conftest.lst >&5
ar: @conftest.lst: No such file or directory
configure:5726: $? = 1
configure:5746: result: no
configure:5764: checking for i686-apple-darwin-strip
configure:5791: result: strip
configure:5863: checking for i686-apple-darwin-ranlib
configure:5893: result: no
configure:5903: checking for ranlib
configure:5919: found /Applications/Xcode.app/Contents/Developer/Platforms/iPhoneSimulator.platform/Developer/usr/bin/ranlib
configure:5930: result: ranlib
configure:6032: checking command to parse nm output from i686-apple-darwin11-llvm-gcc-4.2 object
configure:6152: i686-apple-darwin11-llvm-gcc-4.2 -c -isysroot /Applications/Xcode.app/Contents/Developer/Platforms/iPhoneSimulator.platform/Developer/SDKs/iPhoneSimulator6.1.sdk  conftest.c >&5
configure:6155: $? = 0
configure:6159: nm conftest.o \| sed -n -e 's/^.*[ ]\([BCDEGRST][BCDEGRST]*\)[ ][ ]*\([_A-Za-z][_A-Za-z0-9]*\)$/\1 \2 \2/p' | sed '/ __gnu_lto/d' \> conftest.nm
configure:6162: $? = 0
cannot find nm_test_var in conftest.nm
configure:6152: i686-apple-darwin11-llvm-gcc-4.2 -c -isysroot /Applications/Xcode.app/Contents/Developer/Platforms/iPhoneSimulator.platform/Developer/SDKs/iPhoneSimulator6.1.sdk  conftest.c >&5
configure:6155: $? = 0
configure:6159: nm conftest.o \| sed -n -e 's/^.*[ ]\([BCDEGRST][BCDEGRST]*\)[ ][ ]*_\([_A-Za-z][_A-Za-z0-9]*\)$/\1 _\2 \2/p' | sed '/ __gnu_lto/d' \> conftest.nm
configure:6162: $? = 0
configure:6228: i686-apple-darwin11-llvm-gcc-4.2 -o conftest -isysroot /Applications/Xcode.app/Contents/Developer/Platforms/iPhoneSimulator.platform/Developer/SDKs/iPhoneSimulator6.1.sdk   conftest.c conftstm.o >&5
configure:6231: $? = 0
configure:6269: result: ok
configure:6306: checking for sysroot
configure:6336: result: no
configure:6552: checking for i686-apple-darwin-mt
configure:6582: result: no
configure:6592: checking for mt
configure:6622: result: no
configure:6642: checking if : is a manifest tool
configure:6648: : '-?'
configure:6656: result: no
configure:6672: checking for i686-apple-darwin-dsymutil
configure:6702: result: no
configure:6712: checking for dsymutil
configure:6728: found /Applications/Xcode.app/Contents/Developer/Platforms/iPhoneSimulator.platform/Developer/usr/bin/dsymutil
configure:6739: result: dsymutil
configure:6764: checking for i686-apple-darwin-nmedit
configure:6794: result: no
configure:6804: checking for nmedit
configure:6820: found /Applications/Xcode.app/Contents/Developer/Platforms/iPhoneSimulator.platform/Developer/usr/bin/nmedit
configure:6831: result: nmedit
configure:6856: checking for i686-apple-darwin-lipo
configure:6886: result: no
configure:6896: checking for lipo
configure:6912: found /Applications/Xcode.app/Contents/Developer/Platforms/iPhoneOS.platform/Developer/usr/bin/lipo
configure:6923: result: lipo
configure:6948: checking for i686-apple-darwin-otool
configure:6978: result: no
configure:6988: checking for otool
configure:7004: found /Applications/Xcode.app/Contents/Developer/Platforms/iPhoneSimulator.platform/Developer/usr/bin/otool
configure:7015: result: otool
configure:7040: checking for i686-apple-darwin-otool64
configure:7070: result: no
configure:7080: checking for otool64
configure:7110: result: no
configure:7155: checking for -single_module linker flag
i686-apple-darwin11-llvm-gcc-4.2 -isysroot /Applications/Xcode.app/Contents/Developer/Platforms/iPhoneSimulator.platform/Developer/SDKs/iPhoneSimulator6.1.sdk  -o libconftest.dylib -dynamiclib -Wl,-single_module conftest.c
configure:7188: result: yes
configure:7191: checking for -exported_symbols_list linker flag
configure:7211: i686-apple-darwin11-llvm-gcc-4.2 -o conftest -isysroot /Applications/Xcode.app/Contents/Developer/Platforms/iPhoneSimulator.platform/Developer/SDKs/iPhoneSimulator6.1.sdk   -Wl,-exported_symbols_list,conftest.sym conftest.c  >&5
configure:7211: $? = 0
configure:7221: result: yes
configure:7224: checking for -force_load linker flag
i686-apple-darwin11-llvm-gcc-4.2 -isysroot /Applications/Xcode.app/Contents/Developer/Platforms/iPhoneSimulator.platform/Developer/SDKs/iPhoneSimulator6.1.sdk -c -o conftest.o conftest.c
ar cru libconftest.a conftest.o
ranlib libconftest.a
i686-apple-darwin11-llvm-gcc-4.2 -isysroot /Applications/Xcode.app/Contents/Developer/Platforms/iPhoneSimulator.platform/Developer/SDKs/iPhoneSimulator6.1.sdk  -o conftest conftest.c -Wl,-force_load,./libconftest.a
configure:7256: result: yes
configure:7294: checking for ANSI C header files
configure:7314: i686-apple-darwin11-llvm-gcc-4.2 -c -isysroot /Applications/Xcode.app/Contents/Developer/Platforms/iPhoneSimulator.platform/Developer/SDKs/iPhoneSimulator6.1.sdk  conftest.c >&5
configure:7314: $? = 0
configure:7387: i686-apple-darwin11-llvm-gcc-4.2 -o conftest -isysroot /Applications/Xcode.app/Contents/Developer/Platforms/iPhoneSimulator.platform/Developer/SDKs/iPhoneSimulator6.1.sdk   conftest.c  >&5
configure:7387: $? = 0
configure:7387: ./conftest
configure:7387: $? = 0
configure:7398: result: yes
configure:7411: checking for sys/types.h
configure:7411: i686-apple-darwin11-llvm-gcc-4.2 -c -isysroot /Applications/Xcode.app/Contents/Developer/Platforms/iPhoneSimulator.platform/Developer/SDKs/iPhoneSimulator6.1.sdk  conftest.c >&5
configure:7411: $? = 0
configure:7411: result: yes
configure:7411: checking for sys/stat.h
configure:7411: i686-apple-darwin11-llvm-gcc-4.2 -c -isysroot /Applications/Xcode.app/Contents/Developer/Platforms/iPhoneSimulator.platform/Developer/SDKs/iPhoneSimulator6.1.sdk  conftest.c >&5
configure:7411: $? = 0
configure:7411: result: yes
configure:7411: checking for stdlib.h
configure:7411: i686-apple-darwin11-llvm-gcc-4.2 -c -isysroot /Applications/Xcode.app/Contents/Developer/Platforms/iPhoneSimulator.platform/Developer/SDKs/iPhoneSimulator6.1.sdk  conftest.c >&5
configure:7411: $? = 0
configure:7411: result: yes
configure:7411: checking for string.h
configure:7411: i686-apple-darwin11-llvm-gcc-4.2 -c -isysroot /Applications/Xcode.app/Contents/Developer/Platforms/iPhoneSimulator.platform/Developer/SDKs/iPhoneSimulator6.1.sdk  conftest.c >&5
configure:7411: $? = 0
configure:7411: result: yes
configure:7411: checking for memory.h
configure:7411: i686-apple-darwin11-llvm-gcc-4.2 -c -isysroot /Applications/Xcode.app/Contents/Developer/Platforms/iPhoneSimulator.platform/Developer/SDKs/iPhoneSimulator6.1.sdk  conftest.c >&5
configure:7411: $? = 0
configure:7411: result: yes
configure:7411: checking for strings.h
configure:7411: i686-apple-darwin11-llvm-gcc-4.2 -c -isysroot /Applications/Xcode.app/Contents/Developer/Platforms/iPhoneSimulator.platform/Developer/SDKs/iPhoneSimulator6.1.sdk  conftest.c >&5
configure:7411: $? = 0
configure:7411: result: yes
configure:7411: checking for inttypes.h
configure:7411: i686-apple-darwin11-llvm-gcc-4.2 -c -isysroot /Applications/Xcode.app/Contents/Developer/Platforms/iPhoneSimulator.platform/Developer/SDKs/iPhoneSimulator6.1.sdk  conftest.c >&5
configure:7411: $? = 0
configure:7411: result: yes
configure:7411: checking for stdint.h
configure:7411: i686-apple-darwin11-llvm-gcc-4.2 -c -isysroot /Applications/Xcode.app/Contents/Developer/Platforms/iPhoneSimulator.platform/Developer/SDKs/iPhoneSimulator6.1.sdk  conftest.c >&5
configure:7411: $? = 0
configure:7411: result: yes
configure:7411: checking for unistd.h
configure:7411: i686-apple-darwin11-llvm-gcc-4.2 -c -isysroot /Applications/Xcode.app/Contents/Developer/Platforms/iPhoneSimulator.platform/Developer/SDKs/iPhoneSimulator6.1.sdk  conftest.c >&5
configure:7411: $? = 0
configure:7411: result: yes
configure:7425: checking for dlfcn.h
configure:7425: i686-apple-darwin11-llvm-gcc-4.2 -c -isysroot /Applications/Xcode.app/Contents/Developer/Platforms/iPhoneSimulator.platform/Developer/SDKs/iPhoneSimulator6.1.sdk  conftest.c >&5
configure:7425: $? = 0
configure:7425: result: yes
configure:7631: checking for objdir
configure:7646: result: .libs
configure:7913: checking if i686-apple-darwin11-llvm-gcc-4.2 supports -fno-rtti -fno-exceptions
configure:7931: i686-apple-darwin11-llvm-gcc-4.2 -c -isysroot /Applications/Xcode.app/Contents/Developer/Platforms/iPhoneSimulator.platform/Developer/SDKs/iPhoneSimulator6.1.sdk  -fno-rtti -fno-exceptions conftest.c >&5
cc1: warning: command line option "-fno-rtti" is valid for C++/ObjC++ but not for C
configure:7935: $? = 0
configure:7948: result: no
configure:8275: checking for i686-apple-darwin11-llvm-gcc-4.2 option to produce PIC
configure:8282: result: -fno-common -DPIC
configure:8290: checking if i686-apple-darwin11-llvm-gcc-4.2 PIC flag -fno-common -DPIC works
configure:8308: i686-apple-darwin11-llvm-gcc-4.2 -c -isysroot /Applications/Xcode.app/Contents/Developer/Platforms/iPhoneSimulator.platform/Developer/SDKs/iPhoneSimulator6.1.sdk  -fno-common -DPIC -DPIC conftest.c >&5
configure:8312: $? = 0
configure:8325: result: yes
configure:8354: checking if i686-apple-darwin11-llvm-gcc-4.2 static flag -static works
configure:8382: result: no
configure:8397: checking if i686-apple-darwin11-llvm-gcc-4.2 supports -c -o file.o
configure:8418: i686-apple-darwin11-llvm-gcc-4.2 -c -isysroot /Applications/Xcode.app/Contents/Developer/Platforms/iPhoneSimulator.platform/Developer/SDKs/iPhoneSimulator6.1.sdk  -o out/conftest2.o conftest.c >&5
configure:8422: $? = 0
configure:8444: result: yes
configure:8452: checking if i686-apple-darwin11-llvm-gcc-4.2 supports -c -o file.o
configure:8499: result: yes
configure:8532: checking whether the i686-apple-darwin11-llvm-gcc-4.2 linker (/Applications/Xcode.app/Contents/Developer/usr/llvm-gcc-4.2/libexec/gcc/i686-apple-darwin11/4.2.1/ld) supports shared libraries
configure:9685: result: yes
configure:9925: checking dynamic linker characteristics
configure:10658: result: darwin dyld
configure:10765: checking how to hardcode library paths into programs
configure:10790: result: immediate
configure:11330: checking whether stripping libraries is possible
configure:11344: result: yes
configure:11370: checking if libtool supports shared libraries
configure:11372: result: yes
configure:11375: checking whether to build shared libraries
configure:11396: result: no
configure:11399: checking whether to build static libraries
configure:11403: result: yes
configure:11487: checking for ld used by i686-apple-darwin11-llvm-gcc-4.2
configure:11554: result: /Applications/Xcode.app/Contents/Developer/usr/llvm-gcc-4.2/libexec/gcc/i686-apple-darwin11/4.2.1/ld
configure:11561: checking if the linker (/Applications/Xcode.app/Contents/Developer/usr/llvm-gcc-4.2/libexec/gcc/i686-apple-darwin11/4.2.1/ld) is GNU ld
configure:11576: result: no
configure:11608: checking for memory.h
configure:11608: result: yes
configure:11620: checking for size_t
configure:11620: i686-apple-darwin11-llvm-gcc-4.2 -c -O2 -Wall -fsigned-char -isysroot /Applications/Xcode.app/Contents/Developer/Platforms/iPhoneSimulator.platform/Developer/SDKs/iPhoneSimulator6.1.sdk -D_REENTRANT -DUSE_MEMORY_H  conftest.c >&5
configure:11620: $? = 0
configure:11620: i686-apple-darwin11-llvm-gcc-4.2 -c -O2 -Wall -fsigned-char -isysroot /Applications/Xcode.app/Contents/Developer/Platforms/iPhoneSimulator.platform/Developer/SDKs/iPhoneSimulator6.1.sdk -D_REENTRANT -DUSE_MEMORY_H  conftest.c >&5
conftest.c: In function 'main':
conftest.c:59: error: expected expression before ')' token
configure:11620: $? = 1
configure: failed program was:
| /* confdefs.h */
| #define PACKAGE_NAME ""
| #define PACKAGE_TARNAME ""
| #define PACKAGE_VERSION ""
| #define PACKAGE_STRING ""
| #define PACKAGE_BUGREPORT ""
| #define PACKAGE_URL ""
| #define PACKAGE "libvorbisidec"
| #define VERSION "1.2.0"
| #define STDC_HEADERS 1
| #define HAVE_SYS_TYPES_H 1
| #define HAVE_SYS_STAT_H 1
| #define HAVE_STDLIB_H 1
| #define HAVE_STRING_H 1
| #define HAVE_MEMORY_H 1
| #define HAVE_STRINGS_H 1
| #define HAVE_INTTYPES_H 1
| #define HAVE_STDINT_H 1
| #define HAVE_UNISTD_H 1
| #define HAVE_DLFCN_H 1
| #define LT_OBJDIR ".libs/"
| /* end confdefs.h.  */
| #include <stdio.h>
| #ifdef HAVE_SYS_TYPES_H
| # include <sys/types.h>
| #endif
| #ifdef HAVE_SYS_STAT_H
| # include <sys/stat.h>
| #endif
| #ifdef STDC_HEADERS
| # include <stdlib.h>
| # include <stddef.h>
| #else
| # ifdef HAVE_STDLIB_H
| #  include <stdlib.h>
| # endif
| #endif
| #ifdef HAVE_STRING_H
| # if !defined STDC_HEADERS && defined HAVE_MEMORY_H
| #  include <memory.h>
| # endif
| # include <string.h>
| #endif
| #ifdef HAVE_STRINGS_H
| # include <strings.h>
| #endif
| #ifdef HAVE_INTTYPES_H
| # include <inttypes.h>
| #endif
| #ifdef HAVE_STDINT_H
| # include <stdint.h>
| #endif
| #ifdef HAVE_UNISTD_H
| # include <unistd.h>
| #endif
| int
| main ()
| {
| if (sizeof ((size_t)))
| 	    return 0;
|   ;
|   return 0;
| }
configure:11620: result: yes
configure:11633: checking for working alloca.h
configure:11650: i686-apple-darwin11-llvm-gcc-4.2 -o conftest -O2 -Wall -fsigned-char -isysroot /Applications/Xcode.app/Contents/Developer/Platforms/iPhoneSimulator.platform/Developer/SDKs/iPhoneSimulator6.1.sdk -D_REENTRANT -DUSE_MEMORY_H    conftest.c  >&5
configure:11650: $? = 0
configure:11658: result: yes
configure:11666: checking for alloca
configure:11703: i686-apple-darwin11-llvm-gcc-4.2 -o conftest -O2 -Wall -fsigned-char -isysroot /Applications/Xcode.app/Contents/Developer/Platforms/iPhoneSimulator.platform/Developer/SDKs/iPhoneSimulator6.1.sdk -D_REENTRANT -DUSE_MEMORY_H    conftest.c  >&5
configure:11703: $? = 0
configure:11711: result: yes
configure:11817: checking for working memcmp
configure:11860: i686-apple-darwin11-llvm-gcc-4.2 -o conftest -O2 -Wall -fsigned-char -isysroot /Applications/Xcode.app/Contents/Developer/Platforms/iPhoneSimulator.platform/Developer/SDKs/iPhoneSimulator6.1.sdk -D_REENTRANT -DUSE_MEMORY_H    conftest.c  >&5
configure:11860: $? = 0
configure:11860: ./conftest
configure:11860: $? = 0
configure:11870: result: yes
configure:11998: checking that generated files are newer than configure
configure:12004: result: done
configure:12027: creating ./config.status

## ---------------------- ##
## Running config.status. ##
## ---------------------- ##

This file was extended by config.status, which was
generated by GNU Autoconf 2.69.  Invocation command line was

  CONFIG_FILES    = 
  CONFIG_HEADERS  = 
  CONFIG_LINKS    = 
  CONFIG_COMMANDS = 
  $ ./config.status 

on ycmatoMacBook-Pro.local

config.status:1091: creating Makefile
config.status:1091: creating Version_script
config.status:1091: creating config.h
config.status:1272: config.h is unchanged
config.status:1320: executing depfiles commands
config.status:1320: executing libtool commands
configure:14248: WARNING: unrecognized options: --enable-maintainer-mode

## ---------------- ##
## Cache variables. ##
## ---------------- ##

ac_cv_build=i386-apple-darwin11.4.2
ac_cv_c_compiler_gnu=yes
ac_cv_env_CC_set=set
ac_cv_env_CC_value=i686-apple-darwin11-llvm-gcc-4.2
ac_cv_env_CFLAGS_set=set
ac_cv_env_CFLAGS_value='-isysroot /Applications/Xcode.app/Contents/Developer/Platforms/iPhoneSimulator.platform/Developer/SDKs/iPhoneSimulator6.1.sdk'
ac_cv_env_CPPFLAGS_set=
ac_cv_env_CPPFLAGS_value=
ac_cv_env_CPP_set=
ac_cv_env_CPP_value=
ac_cv_env_LDFLAGS_set=
ac_cv_env_LDFLAGS_value=
ac_cv_env_LIBS_set=
ac_cv_env_LIBS_value=
ac_cv_env_build_alias_set=
ac_cv_env_build_alias_value=
ac_cv_env_host_alias_set=set
ac_cv_env_host_alias_value=i686-apple-darwin
ac_cv_env_target_alias_set=
ac_cv_env_target_alias_value=
ac_cv_func_alloca_works=yes
ac_cv_func_memcmp_working=yes
ac_cv_header_dlfcn_h=yes
ac_cv_header_inttypes_h=yes
ac_cv_header_memory_h=yes
ac_cv_header_stdc=yes
ac_cv_header_stdint_h=yes
ac_cv_header_stdlib_h=yes
ac_cv_header_string_h=yes
ac_cv_header_strings_h=yes
ac_cv_header_sys_stat_h=yes
ac_cv_header_sys_types_h=yes
ac_cv_header_unistd_h=yes
ac_cv_host=i686-apple-darwin
ac_cv_objext=o
ac_cv_path_EGREP='/usr/bin/grep -E'
ac_cv_path_FGREP='/usr/bin/grep -F'
ac_cv_path_GREP=/usr/bin/grep
ac_cv_path_SED=/usr/bin/sed
ac_cv_path_install='/usr/bin/install -c'
ac_cv_prog_AWK=awk
ac_cv_prog_CC=i686-apple-darwin11-llvm-gcc-4.2
ac_cv_prog_CPP='i686-apple-darwin11-llvm-gcc-4.2 -E'
ac_cv_prog_STRIP=strip
ac_cv_prog_ac_ct_AR=ar
ac_cv_prog_ac_ct_DSYMUTIL=dsymutil
ac_cv_prog_ac_ct_DUMPBIN='link -dump'
ac_cv_prog_ac_ct_LIPO=lipo
ac_cv_prog_ac_ct_NMEDIT=nmedit
ac_cv_prog_ac_ct_OTOOL=otool
ac_cv_prog_ac_ct_RANLIB=ranlib
ac_cv_prog_ac_ct_STRIP=strip
ac_cv_prog_cc_c89=
ac_cv_prog_cc_g=yes
ac_cv_prog_make_make_set=yes
ac_cv_target=i686-apple-darwin
ac_cv_type_size_t=yes
ac_cv_working_alloca_h=yes
am_cv_CC_dependencies_compiler_type=gcc3
am_cv_make_support_nested_variables=yes
lt_cv_apple_cc_single_mod=yes
lt_cv_ar_at_file=no
lt_cv_deplibs_check_method=pass_all
lt_cv_file_magic_cmd='$MAGIC_CMD'
lt_cv_file_magic_test_file=
lt_cv_ld_exported_symbols_list=yes
lt_cv_ld_force_load=yes
lt_cv_ld_reload_flag=-r
lt_cv_nm_interface='BSD nm'
lt_cv_objdir=.libs
lt_cv_path_LD=/Applications/Xcode.app/Contents/Developer/usr/llvm-gcc-4.2/libexec/gcc/i686-apple-darwin11/4.2.1/ld
lt_cv_path_NM=no
lt_cv_path_mainfest_tool=no
lt_cv_prog_compiler_c_o=yes
lt_cv_prog_compiler_pic='-fno-common -DPIC'
lt_cv_prog_compiler_pic_works=yes
lt_cv_prog_compiler_rtti_exceptions=no
lt_cv_prog_compiler_static_works=no
lt_cv_prog_gnu_ld=no
lt_cv_sharedlib_from_linklib_cmd='printf %s\n'
lt_cv_sys_global_symbol_pipe='sed -n -e '\''s/^.*[	 ]\([BCDEGRST][BCDEGRST]*\)[	 ][	 ]*_\([_A-Za-z][_A-Za-z0-9]*\)$/\1 _\2 \2/p'\'' | sed '\''/ __gnu_lto/d'\'''
lt_cv_sys_global_symbol_to_c_name_address='sed -n -e '\''s/^: \([^ ]*\)[ ]*$/  {\"\1\", (void *) 0},/p'\'' -e '\''s/^[BCDEGRST]* \([^ ]*\) \([^ ]*\)$/  {"\2", (void *) \&\2},/p'\'''
lt_cv_sys_global_symbol_to_c_name_address_lib_prefix='sed -n -e '\''s/^: \([^ ]*\)[ ]*$/  {\"\1\", (void *) 0},/p'\'' -e '\''s/^[BCDEGRST]* \([^ ]*\) \(lib[^ ]*\)$/  {"\2", (void *) \&\2},/p'\'' -e '\''s/^[BCDEGRST]* \([^ ]*\) \([^ ]*\)$/  {"lib\2", (void *) \&\2},/p'\'''
lt_cv_sys_global_symbol_to_cdecl='sed -n -e '\''s/^T .* \(.*\)$/extern int \1();/p'\'' -e '\''s/^[BCDEGRST]* .* \(.*\)$/extern char \1;/p'\'''
lt_cv_sys_max_cmd_len=196608
lt_cv_to_host_file_cmd=func_convert_file_noop
lt_cv_to_tool_file_cmd=func_convert_file_noop

## ----------------- ##
## Output variables. ##
## ----------------- ##

ACLOCAL='${SHELL} /Users/yc/Desktop/ons/onscripter_ios/libvorbisidec-1.0.2+svn16259/missing aclocal-1.13'
ALLOCA=''
AMDEPBACKSLASH='\'
AMDEP_FALSE='#'
AMDEP_TRUE=''
AMTAR='$${TAR-tar}'
AM_BACKSLASH='\'
AM_DEFAULT_V='$(AM_DEFAULT_VERBOSITY)'
AM_DEFAULT_VERBOSITY='1'
AM_V='$(V)'
AR='ar'
AUTOCONF='${SHELL} /Users/yc/Desktop/ons/onscripter_ios/libvorbisidec-1.0.2+svn16259/missing autoconf'
AUTOHEADER='${SHELL} /Users/yc/Desktop/ons/onscripter_ios/libvorbisidec-1.0.2+svn16259/missing autoheader'
AUTOMAKE='${SHELL} /Users/yc/Desktop/ons/onscripter_ios/libvorbisidec-1.0.2+svn16259/missing automake-1.13'
AWK='awk'
CC='i686-apple-darwin11-llvm-gcc-4.2'
CCDEPMODE='depmode=gcc3'
CFLAGS='-O2 -Wall -fsigned-char -isysroot /Applications/Xcode.app/Contents/Developer/Platforms/iPhoneSimulator.platform/Developer/SDKs/iPhoneSimulator6.1.sdk -D_REENTRANT -DUSE_MEMORY_H'
CPP='i686-apple-darwin11-llvm-gcc-4.2 -E'
CPPFLAGS=''
CYGPATH_W='echo'
DEBUG='-g -Wall -D__NO_MATH_INLINES -fsigned-char'
DEFS='-DHAVE_CONFIG_H'
DEPDIR='.deps'
DLLTOOL='false'
DSYMUTIL='dsymutil'
DUMPBIN=':'
ECHO_C='\c'
ECHO_N=''
ECHO_T=''
EGREP='/usr/bin/grep -E'
EXEEXT=''
FGREP='/usr/bin/grep -F'
GREP='/usr/bin/grep'
INSTALL_DATA='${INSTALL} -m 644'
INSTALL_PROGRAM='${INSTALL}'
INSTALL_SCRIPT='${INSTALL}'
INSTALL_STRIP_PROGRAM='$(install_sh) -c -s'
LD='/Applications/Xcode.app/Contents/Developer/usr/llvm-gcc-4.2/libexec/gcc/i686-apple-darwin11/4.2.1/ld'
LDFLAGS=' '
LIBOBJS=''
LIBS=''
LIBTOOL='$(SHELL) $(top_builddir)/libtool'
LIPO='lipo'
LN_S='ln -s'
LTLIBOBJS=''
MAKEINFO='${SHELL} /Users/yc/Desktop/ons/onscripter_ios/libvorbisidec-1.0.2+svn16259/missing makeinfo'
MANIFEST_TOOL=':'
MKDIR_P='./install-sh -c -d'
NM='nm'
NMEDIT='nmedit'
OBJDUMP='false'
OBJEXT='o'
OTOOL64=':'
OTOOL='otool'
PACKAGE='libvorbisidec'
PACKAGE_BUGREPORT=''
PACKAGE_NAME=''
PACKAGE_STRING=''
PACKAGE_TARNAME=''
PACKAGE_URL=''
PACKAGE_VERSION=''
PATH_SEPARATOR=':'
PROFILE='-Wall -pg -g -O2 -fsigned-char -fno-inline-functions'
RANLIB='ranlib'
SED='/usr/bin/sed'
SET_MAKE=''
SHELL='/bin/sh'
STRIP='strip'
VERSION='1.2.0'
V_LIB_AGE='0'
V_LIB_CURRENT='1'
V_LIB_REVISION='2'
ac_ct_AR='ar'
ac_ct_CC=''
ac_ct_DUMPBIN='link -dump'
am__EXEEXT_FALSE=''
am__EXEEXT_TRUE='#'
am__fastdepCC_FALSE='#'
am__fastdepCC_TRUE=''
am__include='include'
am__isrc=''
am__leading_dot='.'
am__nodep='_no'
am__quote=''
am__tar='$${TAR-tar} chof - "$$tardir"'
am__untar='$${TAR-tar} xf -'
bindir='${exec_prefix}/bin'
build='i386-apple-darwin11.4.2'
build_alias=''
build_cpu='i386'
build_os='darwin11.4.2'
build_vendor='apple'
datadir='${datarootdir}'
datarootdir='${prefix}/share'
docdir='${datarootdir}/doc/${PACKAGE}'
dvidir='${docdir}'
exec_prefix='${prefix}'
host='i686-apple-darwin'
host_alias='i686-apple-darwin'
host_cpu='i686'
host_os='darwin'
host_vendor='apple'
htmldir='${docdir}'
includedir='${prefix}/include'
infodir='${datarootdir}/info'
install_sh='${SHELL} /Users/yc/Desktop/ons/onscripter_ios/libvorbisidec-1.0.2+svn16259/install-sh'
libdir='${exec_prefix}/lib'
libexecdir='${exec_prefix}/libexec'
localedir='${datarootdir}/locale'
localstatedir='${prefix}/var'
mandir='${datarootdir}/man'
mkdir_p='$(MKDIR_P)'
oldincludedir='/usr/include'
pdfdir='${docdir}'
prefix='/Users/yc/Desktop/ons/onscripter_ios/Release-iphonesimulator'
program_transform_name='s,x,x,'
psdir='${docdir}'
sbindir='${exec_prefix}/sbin'
sharedstatedir='${prefix}/com'
sysconfdir='${prefix}/etc'
target='i686-apple-darwin'
target_alias=''
target_cpu='i686'
target_os='darwin'
target_vendor='apple'

## ----------- ##
## confdefs.h. ##
## ----------- ##

/* confdefs.h */
#define PACKAGE_NAME ""
#define PACKAGE_TARNAME ""
#define PACKAGE_VERSION ""
#define PACKAGE_STRING ""
#define PACKAGE_BUGREPORT ""
#define PACKAGE_URL ""
#define PACKAGE "libvorbisidec"
#define VERSION "1.2.0"
#define STDC_HEADERS 1
#define HAVE_SYS_TYPES_H 1
#define HAVE_SYS_STAT_H 1
#define HAVE_STDLIB_H 1
#define HAVE_STRING_H 1
#define HAVE_MEMORY_H 1
#define HAVE_STRINGS_H 1
#define HAVE_INTTYPES_H 1
#define HAVE_STDINT_H 1
#define HAVE_UNISTD_H 1
#define HAVE_DLFCN_H 1
#define LT_OBJDIR ".libs/"
#define HAVE_ALLOCA_H 1
#define HAVE_ALLOCA 1

configure: exit 0
