This file contains any messages produced by compilers while
running configure, to aid debugging if configure makes a mistake.

It was created by libjpeg configure 9.0.0, which was
generated by GNU Autoconf 2.69.  Invocation command line was

  $ ./configure CC=arm-apple-darwin10-llvm-gcc-4.2 CFLAGS=-isysroot /Applications/Xcode.app/Contents/Developer/Platforms/iPhoneOS.platform/Developer/SDKs/iPhoneOS6.1.sdk --host=arm-apple-darwin --disable-shared --enable-static --prefix=/Users/yc/Desktop/ons/onscripter_ios/Release-iphoneos

## --------- ##
## Platform. ##
## --------- ##

hostname = ycmatoMacBook-Pro.local
uname -m = x86_64
uname -r = 11.4.2
uname -s = Darwin
uname -v = Darwin Kernel Version 11.4.2: Thu Aug 23 16:25:48 PDT 2012; root:xnu-1699.32.7~1/RELEASE_X86_64

/usr/bin/uname -p = i386
/bin/uname -X     = unknown

/bin/arch              = unknown
/usr/bin/arch -k       = unknown
/usr/convex/getsysinfo = unknown
/usr/bin/hostinfo      = Mach kernel version:
	 Darwin Kernel Version 11.4.2: Thu Aug 23 16:25:48 PDT 2012; root:xnu-1699.32.7~1/RELEASE_X86_64
Kernel configured for up to 2 processors.
2 processors are physically available.
2 processors are logically available.
Processor type: i486 (Intel 80486)
Processors active: 0 1
Primary memory available: 6.00 gigabytes
Default processor set: 90 tasks, 411 threads, 2 processors
Load average: 1.79, Mach factor: 1.25
/bin/machine           = unknown
/usr/bin/oslevel       = unknown
/bin/universe          = unknown

PATH: /Applications/Xcode.app/Contents/Developer/Platforms/iPhoneOS.platform/Developer/usr/bin
PATH: /opt/local/bin
PATH: /opt/local/sbin
PATH: /usr/bin
PATH: /bin
PATH: /usr/sbin
PATH: /sbin
PATH: /usr/local/bin
PATH: /usr/X11/bin


## ----------- ##
## Core tests. ##
## ----------- ##

configure:2264: checking build system type
configure:2278: result: i386-apple-darwin11.4.2
configure:2298: checking host system type
configure:2311: result: arm-apple-darwin
configure:2331: checking target system type
configure:2344: result: arm-apple-darwin
configure:2389: checking for a BSD-compatible install
configure:2457: result: /usr/bin/install -c
configure:2468: checking whether build environment is sane
configure:2523: result: yes
configure:2582: checking for arm-apple-darwin-strip
configure:2612: result: no
configure:2622: checking for strip
configure:2638: found /Applications/Xcode.app/Contents/Developer/Platforms/iPhoneOS.platform/Developer/usr/bin/strip
configure:2649: result: strip
configure:2674: checking for a thread-safe mkdir -p
configure:2713: result: ./install-sh -c -d
configure:2720: checking for gawk
configure:2750: result: no
configure:2720: checking for mawk
configure:2750: result: no
configure:2720: checking for nawk
configure:2750: result: no
configure:2720: checking for awk
configure:2736: found /usr/bin/awk
configure:2747: result: awk
configure:2758: checking whether make sets $(MAKE)
configure:2780: result: yes
configure:2809: checking whether make supports nested variables
configure:2826: result: yes
configure:2920: checking whether make supports nested variables
configure:2937: result: yes
configure:2953: checking whether to enable maintainer-specific portions of Makefiles
configure:2962: result: no
configure:2985: checking for arm-apple-darwin-gcc
configure:3012: result: arm-apple-darwin10-llvm-gcc-4.2
configure:3281: checking for C compiler version
configure:3290: arm-apple-darwin10-llvm-gcc-4.2 --version >&5
arm-apple-darwin10-llvm-gcc-4.2 (GCC) 4.2.1 (Based on Apple Inc. build 5658) (LLVM build 2410.2.00)
Copyright (C) 2007 Free Software Foundation, Inc.
This is free software; see the source for copying conditions.  There is NO
warranty; not even for MERCHANTABILITY or FITNESS FOR A PARTICULAR PURPOSE.

configure:3301: $? = 0
configure:3290: arm-apple-darwin10-llvm-gcc-4.2 -v >&5
Using built-in specs.
Target: arm-apple-darwin10
Configured with: /private/var/tmp/llvmgcc42_Embedded/llvmgcc42_Embedded-2410.2~111/src/configure --enable-checking --enable-werror --prefix=/Developer/usr/llvm-gcc-4.2 --mandir=/share/man --enable-languages=c,objc,c++,obj-c++ --program-prefix=llvm- --program-transform-name=/^[cg][^.-]*$/s/$/-4.2/ --with-slibdir=/usr/lib --disable-tls --build=i686-apple-darwin10 --enable-llvm=/private/var/tmp/llvmgcc42_Embedded/llvmgcc42_Embedded-2410.2~111/dst-llvmCore/Developer/usr/local --program-prefix=arm-apple-darwin10- --host=x86_64-apple-darwin10 --target=arm-apple-darwin10 --with-gxx-include-dir=/usr/include/c++/4.2.1 --with-build-sysroot=/Applications/Xcode.app/Contents/Developer/Platforms/iPhoneOS.platform/Developer/SDKs/iPhoneOS6.1.Internal.sdk
Thread model: posix
gcc version 4.2.1 (Based on Apple Inc. build 5658) (LLVM build 2410.2.00)
configure:3301: $? = 0
configure:3290: arm-apple-darwin10-llvm-gcc-4.2 -V >&5
arm-apple-darwin10-llvm-gcc-4.2: '-V' option must have argument
configure:3301: $? = 1
configure:3290: arm-apple-darwin10-llvm-gcc-4.2 -qversion >&5
arm-apple-darwin10-llvm-gcc-4.2: no input files
configure:3301: $? = 1
configure:3321: checking whether the C compiler works
configure:3343: arm-apple-darwin10-llvm-gcc-4.2 -isysroot /Applications/Xcode.app/Contents/Developer/Platforms/iPhoneOS.platform/Developer/SDKs/iPhoneOS6.1.sdk   conftest.c  >&5
configure:3347: $? = 0
configure:3395: result: yes
configure:3398: checking for C compiler default output file name
configure:3400: result: a.out
configure:3406: checking for suffix of executables
configure:3413: arm-apple-darwin10-llvm-gcc-4.2 -o conftest -isysroot /Applications/Xcode.app/Contents/Developer/Platforms/iPhoneOS.platform/Developer/SDKs/iPhoneOS6.1.sdk   conftest.c  >&5
configure:3417: $? = 0
configure:3439: result: 
configure:3461: checking whether we are cross compiling
configure:3469: arm-apple-darwin10-llvm-gcc-4.2 -o conftest -isysroot /Applications/Xcode.app/Contents/Developer/Platforms/iPhoneOS.platform/Developer/SDKs/iPhoneOS6.1.sdk   conftest.c  >&5
configure:3473: $? = 0
configure:3480: ./conftest
./configure: line 3482: ./conftest: Bad CPU type in executable
configure:3484: $? = 126
configure:3499: result: yes
configure:3504: checking for suffix of object files
configure:3526: arm-apple-darwin10-llvm-gcc-4.2 -c -isysroot /Applications/Xcode.app/Contents/Developer/Platforms/iPhoneOS.platform/Developer/SDKs/iPhoneOS6.1.sdk  conftest.c >&5
configure:3530: $? = 0
configure:3551: result: o
configure:3555: checking whether we are using the GNU C compiler
configure:3574: arm-apple-darwin10-llvm-gcc-4.2 -c -isysroot /Applications/Xcode.app/Contents/Developer/Platforms/iPhoneOS.platform/Developer/SDKs/iPhoneOS6.1.sdk  conftest.c >&5
configure:3574: $? = 0
configure:3583: result: yes
configure:3592: checking whether arm-apple-darwin10-llvm-gcc-4.2 accepts -g
configure:3612: arm-apple-darwin10-llvm-gcc-4.2 -c -g  conftest.c >&5
configure:3612: $? = 0
configure:3653: result: yes
configure:3670: checking for arm-apple-darwin10-llvm-gcc-4.2 option to accept ISO C89
configure:3733: arm-apple-darwin10-llvm-gcc-4.2  -c -isysroot /Applications/Xcode.app/Contents/Developer/Platforms/iPhoneOS.platform/Developer/SDKs/iPhoneOS6.1.sdk  conftest.c >&5
configure:3733: $? = 0
configure:3746: result: none needed
configure:3777: checking for style of include used by make
configure:3805: result: GNU
configure:3831: checking dependency style of arm-apple-darwin10-llvm-gcc-4.2
configure:3942: result: gcc3
configure:3961: checking for arm-apple-darwin10-llvm-gcc-4.2 option to accept ISO C99
configure:4110: arm-apple-darwin10-llvm-gcc-4.2  -c -isysroot /Applications/Xcode.app/Contents/Developer/Platforms/iPhoneOS.platform/Developer/SDKs/iPhoneOS6.1.sdk  conftest.c >&5
conftest.c:61: error: expected ';', ',' or ')' before 'text'
conftest.c: In function 'main':
conftest.c:115: error: nested functions are disabled, use -fnested-functions to re-enable
conftest.c:115: error: expected '=', ',', ';', 'asm' or '__attribute__' before 'newvar'
conftest.c:115: error: 'newvar' undeclared (first use in this function)
conftest.c:115: error: (Each undeclared identifier is reported only once
conftest.c:115: error: for each function it appears in.)
conftest.c:125: error: 'for' loop initial declaration used outside C99 mode
configure:4110: $? = 1
configure: failed program was:
| /* confdefs.h */
| #define PACKAGE_NAME "libjpeg"
| #define PACKAGE_TARNAME "libjpeg"
| #define PACKAGE_VERSION "9.0.0"
| #define PACKAGE_STRING "libjpeg 9.0.0"
| #define PACKAGE_BUGREPORT ""
| #define PACKAGE_URL ""
| #define PACKAGE "libjpeg"
| #define VERSION "9.0.0"
| /* end confdefs.h.  */
| #include <stdarg.h>
| #include <stdbool.h>
| #include <stdlib.h>
| #include <wchar.h>
| #include <stdio.h>
| 
| // Check varargs macros.  These examples are taken from C99 6.10.3.5.
| #define debug(...) fprintf (stderr, __VA_ARGS__)
| #define showlist(...) puts (#__VA_ARGS__)
| #define report(test,...) ((test) ? puts (#test) : printf (__VA_ARGS__))
| static void
| test_varargs_macros (void)
| {
|   int x = 1234;
|   int y = 5678;
|   debug ("Flag");
|   debug ("X = %d\n", x);
|   showlist (The first, second, and third items.);
|   report (x>y, "x is %d but y is %d", x, y);
| }
| 
| // Check long long types.
| #define BIG64 18446744073709551615ull
| #define BIG32 4294967295ul
| #define BIG_OK (BIG64 / BIG32 == 4294967297ull && BIG64 % BIG32 == 0)
| #if !BIG_OK
|   your preprocessor is broken;
| #endif
| #if BIG_OK
| #else
|   your preprocessor is broken;
| #endif
| static long long int bignum = -9223372036854775807LL;
| static unsigned long long int ubignum = BIG64;
| 
| struct incomplete_array
| {
|   int datasize;
|   double data[];
| };
| 
| struct named_init {
|   int number;
|   const wchar_t *name;
|   double average;
| };
| 
| typedef const char *ccp;
| 
| static inline int
| test_restrict (ccp restrict text)
| {
|   // See if C++-style comments work.
|   // Iterate through items via the restricted pointer.
|   // Also check for declarations in for loops.
|   for (unsigned int i = 0; *(text+i) != '\0'; ++i)
|     continue;
|   return 0;
| }
| 
| // Check varargs and va_copy.
| static void
| test_varargs (const char *format, ...)
| {
|   va_list args;
|   va_start (args, format);
|   va_list args_copy;
|   va_copy (args_copy, args);
| 
|   const char *str;
|   int number;
|   float fnumber;
| 
|   while (*format)
|     {
|       switch (*format++)
| 	{
| 	case 's': // string
| 	  str = va_arg (args_copy, const char *);
| 	  break;
| 	case 'd': // int
| 	  number = va_arg (args_copy, int);
| 	  break;
| 	case 'f': // float
| 	  fnumber = va_arg (args_copy, double);
| 	  break;
| 	default:
| 	  break;
| 	}
|     }
|   va_end (args_copy);
|   va_end (args);
| }
| 
| int
| main ()
| {
| 
|   // Check bool.
|   _Bool success = false;
| 
|   // Check restrict.
|   if (test_restrict ("String literal") == 0)
|     success = true;
|   char *restrict newvar = "Another string";
| 
|   // Check varargs.
|   test_varargs ("s, d' f .", "string", 65, 34.234);
|   test_varargs_macros ();
| 
|   // Check flexible array members.
|   struct incomplete_array *ia =
|     malloc (sizeof (struct incomplete_array) + (sizeof (double) * 10));
|   ia->datasize = 10;
|   for (int i = 0; i < ia->datasize; ++i)
|     ia->data[i] = i * 1.234;
| 
|   // Check named initializers.
|   struct named_init ni = {
|     .number = 34,
|     .name = L"Test wide string",
|     .average = 543.34343,
|   };
| 
|   ni.number = 58;
| 
|   int dynamic_array[ni.number];
|   dynamic_array[ni.number - 1] = 543;
| 
|   // work around unused variable warnings
|   return (!success || bignum == 0LL || ubignum == 0uLL || newvar[0] == 'x'
| 	  || dynamic_array[ni.number - 1] != 543);
| 
|   ;
|   return 0;
| }
configure:4110: arm-apple-darwin10-llvm-gcc-4.2 -std=gnu99 -c -isysroot /Applications/Xcode.app/Contents/Developer/Platforms/iPhoneOS.platform/Developer/SDKs/iPhoneOS6.1.sdk  conftest.c >&5
configure:4110: $? = 0
configure:4130: result: -std=gnu99
configure:4231: checking for arm-apple-darwin10-llvm-gcc-4.2 -std=gnu99 option to accept ISO Standard C
configure:4245: result: -std=gnu99
configure:4254: checking how to run the C preprocessor
configure:4285: arm-apple-darwin10-llvm-gcc-4.2 -std=gnu99 -E  conftest.c
In file included from /usr/include/limits.h:64,
                 from /Applications/Xcode.app/Contents/Developer/Platforms/iPhoneOS.platform/Developer/usr/llvm-gcc-4.2/bin/../lib/gcc/arm-apple-darwin10/4.2.1/include/limits.h:15,
                 from conftest.c:12:
/usr/include/machine/limits.h:8:24: error: arm/limits.h: No such file or directory
configure:4285: $? = 1
configure: failed program was:
| /* confdefs.h */
| #define PACKAGE_NAME "libjpeg"
| #define PACKAGE_TARNAME "libjpeg"
| #define PACKAGE_VERSION "9.0.0"
| #define PACKAGE_STRING "libjpeg 9.0.0"
| #define PACKAGE_BUGREPORT ""
| #define PACKAGE_URL ""
| #define PACKAGE "libjpeg"
| #define VERSION "9.0.0"
| /* end confdefs.h.  */
| #ifdef __STDC__
| # include <limits.h>
| #else
| # include <assert.h>
| #endif
| 		     Syntax error
configure:4285: arm-apple-darwin10-llvm-gcc-4.2 -std=gnu99 -E  conftest.c
In file included from /usr/include/limits.h:64,
                 from /Applications/Xcode.app/Contents/Developer/Platforms/iPhoneOS.platform/Developer/usr/llvm-gcc-4.2/bin/../lib/gcc/arm-apple-darwin10/4.2.1/include/limits.h:15,
                 from conftest.c:12:
/usr/include/machine/limits.h:8:24: error: arm/limits.h: No such file or directory
configure:4285: $? = 1
configure: failed program was:
| /* confdefs.h */
| #define PACKAGE_NAME "libjpeg"
| #define PACKAGE_TARNAME "libjpeg"
| #define PACKAGE_VERSION "9.0.0"
| #define PACKAGE_STRING "libjpeg 9.0.0"
| #define PACKAGE_BUGREPORT ""
| #define PACKAGE_URL ""
| #define PACKAGE "libjpeg"
| #define VERSION "9.0.0"
| /* end confdefs.h.  */
| #ifdef __STDC__
| # include <limits.h>
| #else
| # include <assert.h>
| #endif
| 		     Syntax error
configure:4285: arm-apple-darwin10-llvm-gcc-4.2 -std=gnu99 -E -traditional-cpp  conftest.c
configure:4285: $? = 0
configure:4299: arm-apple-darwin10-llvm-gcc-4.2 -std=gnu99 -E -traditional-cpp  conftest.c
conftest.c:11: error: ac_nonexistent.h: No such file or directory
configure:4299: $? = 1
configure: failed program was:
| /* confdefs.h */
| #define PACKAGE_NAME "libjpeg"
| #define PACKAGE_TARNAME "libjpeg"
| #define PACKAGE_VERSION "9.0.0"
| #define PACKAGE_STRING "libjpeg 9.0.0"
| #define PACKAGE_BUGREPORT ""
| #define PACKAGE_URL ""
| #define PACKAGE "libjpeg"
| #define VERSION "9.0.0"
| /* end confdefs.h.  */
| #include <ac_nonexistent.h>
configure:4324: result: arm-apple-darwin10-llvm-gcc-4.2 -std=gnu99 -E -traditional-cpp
configure:4344: arm-apple-darwin10-llvm-gcc-4.2 -std=gnu99 -E -traditional-cpp  conftest.c
configure:4344: $? = 0
configure:4358: arm-apple-darwin10-llvm-gcc-4.2 -std=gnu99 -E -traditional-cpp  conftest.c
conftest.c:11: error: ac_nonexistent.h: No such file or directory
configure:4358: $? = 1
configure: failed program was:
| /* confdefs.h */
| #define PACKAGE_NAME "libjpeg"
| #define PACKAGE_TARNAME "libjpeg"
| #define PACKAGE_VERSION "9.0.0"
| #define PACKAGE_STRING "libjpeg 9.0.0"
| #define PACKAGE_BUGREPORT ""
| #define PACKAGE_URL ""
| #define PACKAGE "libjpeg"
| #define VERSION "9.0.0"
| /* end confdefs.h.  */
| #include <ac_nonexistent.h>
configure:4387: checking whether make sets $(MAKE)
configure:4409: result: yes
configure:4418: checking whether ln -s works
configure:4422: result: yes
configure:4435: checking for arm-apple-darwin-ar
configure:4465: result: no
configure:4435: checking for arm-apple-darwin-lib
configure:4465: result: no
configure:4435: checking for arm-apple-darwin-link
configure:4465: result: no
configure:4479: checking for ar
configure:4495: found /Applications/Xcode.app/Contents/Developer/Platforms/iPhoneOS.platform/Developer/usr/bin/ar
configure:4506: result: ar
configure:4522: WARNING: using cross tools not prefixed with host triplet
configure:4532: checking the archiver (ar) interface
configure:4542: arm-apple-darwin10-llvm-gcc-4.2 -std=gnu99 -c -isysroot /Applications/Xcode.app/Contents/Developer/Platforms/iPhoneOS.platform/Developer/SDKs/iPhoneOS6.1.sdk  conftest.c >&5
configure:4542: $? = 0
configure:4544: ar cru libconftest.a conftest.o >&5
configure:4547: $? = 0
configure:4570: result: ar
configure:4599: checking if LD -Wl,--version-script works
configure:4623: arm-apple-darwin10-llvm-gcc-4.2 -std=gnu99 -o conftest -isysroot /Applications/Xcode.app/Contents/Developer/Platforms/iPhoneOS.platform/Developer/SDKs/iPhoneOS6.1.sdk   -Wl,--version-script=conftest.map conftest.c  >&5
ld: unknown option: --version-script=conftest.map
collect2: ld returned 1 exit status
configure:4623: $? = 1
configure: failed program was:
| /* confdefs.h */
| #define PACKAGE_NAME "libjpeg"
| #define PACKAGE_TARNAME "libjpeg"
| #define PACKAGE_VERSION "9.0.0"
| #define PACKAGE_STRING "libjpeg 9.0.0"
| #define PACKAGE_BUGREPORT ""
| #define PACKAGE_URL ""
| #define PACKAGE "libjpeg"
| #define VERSION "9.0.0"
| /* end confdefs.h.  */
| 
| int
| main ()
| {
| 
|   ;
|   return 0;
| }
configure:4632: result: no
configure:4645: checking for function prototypes
configure:4665: arm-apple-darwin10-llvm-gcc-4.2 -std=gnu99 -c -isysroot /Applications/Xcode.app/Contents/Developer/Platforms/iPhoneOS.platform/Developer/SDKs/iPhoneOS6.1.sdk  conftest.c >&5
configure:4665: $? = 0
configure:4673: result: yes
configure:4694: checking for grep that handles long lines and -e
configure:4752: result: /usr/bin/grep
configure:4757: checking for egrep
configure:4819: result: /usr/bin/grep -E
configure:4824: checking for ANSI C header files
configure:4844: arm-apple-darwin10-llvm-gcc-4.2 -std=gnu99 -c -isysroot /Applications/Xcode.app/Contents/Developer/Platforms/iPhoneOS.platform/Developer/SDKs/iPhoneOS6.1.sdk  conftest.c >&5
configure:4844: $? = 0
In file included from /usr/include/sys/_types.h:34,
                 from /usr/include/_types.h:28,
                 from /usr/include/string.h:62,
                 from conftest.c:13:
/usr/include/machine/_types.h:34: error: arm/_types.h: No such file or directory
In file included from /usr/include/sys/_types.h:34,
                 from /usr/include/_types.h:28,
                 from /usr/include/stdlib.h:64,
                 from conftest.c:13:
/usr/include/machine/_types.h:34: error: arm/_types.h: No such file or directory
In file included from /usr/include/sys/signal.h:82,
                 from /usr/include/sys/wait.h:117,
                 from /usr/include/stdlib.h:66,
                 from conftest.c:13:
/usr/include/machine/signal.h:34: error: arm/signal.h: No such file or directory
In file included from /usr/include/sys/_structs.h:58,
                 from /usr/include/sys/signal.h:149,
                 from /usr/include/sys/wait.h:117,
                 from /usr/include/stdlib.h:66,
                 from conftest.c:13:
/usr/include/machine/_structs.h:31: error: arm/_structs.h: No such file or directory
In file included from /usr/include/sys/wait.h:194,
                 from /usr/include/stdlib.h:66,
                 from conftest.c:13:
/usr/include/machine/endian.h:37: error: arm/endian.h: No such file or directory
In file included from /usr/include/stdlib.h:256,
                 from conftest.c:13:
/usr/include/machine/types.h:37: error: arm/types.h: No such file or directory
configure:4928: result: yes
configure:4941: checking for sys/types.h
configure:4941: arm-apple-darwin10-llvm-gcc-4.2 -std=gnu99 -c -isysroot /Applications/Xcode.app/Contents/Developer/Platforms/iPhoneOS.platform/Developer/SDKs/iPhoneOS6.1.sdk  conftest.c >&5
configure:4941: $? = 0
configure:4941: result: yes
configure:4941: checking for sys/stat.h
configure:4941: arm-apple-darwin10-llvm-gcc-4.2 -std=gnu99 -c -isysroot /Applications/Xcode.app/Contents/Developer/Platforms/iPhoneOS.platform/Developer/SDKs/iPhoneOS6.1.sdk  conftest.c >&5
configure:4941: $? = 0
configure:4941: result: yes
configure:4941: checking for stdlib.h
configure:4941: arm-apple-darwin10-llvm-gcc-4.2 -std=gnu99 -c -isysroot /Applications/Xcode.app/Contents/Developer/Platforms/iPhoneOS.platform/Developer/SDKs/iPhoneOS6.1.sdk  conftest.c >&5
configure:4941: $? = 0
configure:4941: result: yes
configure:4941: checking for string.h
configure:4941: arm-apple-darwin10-llvm-gcc-4.2 -std=gnu99 -c -isysroot /Applications/Xcode.app/Contents/Developer/Platforms/iPhoneOS.platform/Developer/SDKs/iPhoneOS6.1.sdk  conftest.c >&5
configure:4941: $? = 0
configure:4941: result: yes
configure:4941: checking for memory.h
configure:4941: arm-apple-darwin10-llvm-gcc-4.2 -std=gnu99 -c -isysroot /Applications/Xcode.app/Contents/Developer/Platforms/iPhoneOS.platform/Developer/SDKs/iPhoneOS6.1.sdk  conftest.c >&5
configure:4941: $? = 0
configure:4941: result: yes
configure:4941: checking for strings.h
configure:4941: arm-apple-darwin10-llvm-gcc-4.2 -std=gnu99 -c -isysroot /Applications/Xcode.app/Contents/Developer/Platforms/iPhoneOS.platform/Developer/SDKs/iPhoneOS6.1.sdk  conftest.c >&5
configure:4941: $? = 0
configure:4941: result: yes
configure:4941: checking for inttypes.h
configure:4941: arm-apple-darwin10-llvm-gcc-4.2 -std=gnu99 -c -isysroot /Applications/Xcode.app/Contents/Developer/Platforms/iPhoneOS.platform/Developer/SDKs/iPhoneOS6.1.sdk  conftest.c >&5
configure:4941: $? = 0
configure:4941: result: yes
configure:4941: checking for stdint.h
configure:4941: arm-apple-darwin10-llvm-gcc-4.2 -std=gnu99 -c -isysroot /Applications/Xcode.app/Contents/Developer/Platforms/iPhoneOS.platform/Developer/SDKs/iPhoneOS6.1.sdk  conftest.c >&5
configure:4941: $? = 0
configure:4941: result: yes
configure:4941: checking for unistd.h
configure:4941: arm-apple-darwin10-llvm-gcc-4.2 -std=gnu99 -c -isysroot /Applications/Xcode.app/Contents/Developer/Platforms/iPhoneOS.platform/Developer/SDKs/iPhoneOS6.1.sdk  conftest.c >&5
configure:4941: $? = 0
configure:4941: result: yes
configure:4956: checking stddef.h usability
configure:4956: arm-apple-darwin10-llvm-gcc-4.2 -std=gnu99 -c -isysroot /Applications/Xcode.app/Contents/Developer/Platforms/iPhoneOS.platform/Developer/SDKs/iPhoneOS6.1.sdk  conftest.c >&5
configure:4956: $? = 0
configure:4956: result: yes
configure:4956: checking stddef.h presence
configure:4956: arm-apple-darwin10-llvm-gcc-4.2 -std=gnu99 -E -traditional-cpp  conftest.c
configure:4956: $? = 0
configure:4956: result: yes
configure:4956: checking for stddef.h
configure:4956: result: yes
configure:4956: checking for stdlib.h
configure:4956: result: yes
configure:4956: checking locale.h usability
configure:4956: arm-apple-darwin10-llvm-gcc-4.2 -std=gnu99 -c -isysroot /Applications/Xcode.app/Contents/Developer/Platforms/iPhoneOS.platform/Developer/SDKs/iPhoneOS6.1.sdk  conftest.c >&5
configure:4956: $? = 0
configure:4956: result: yes
configure:4956: checking locale.h presence
configure:4956: arm-apple-darwin10-llvm-gcc-4.2 -std=gnu99 -E -traditional-cpp  conftest.c
In file included from /usr/include/sys/_types.h:34,
                 from /usr/include/_types.h:28,
                 from /usr/include/_locale.h:42,
                 from /usr/include/locale.h:41,
                 from conftest.c:25:
/usr/include/machine/_types.h:34: error: arm/_types.h: No such file or directory
configure:4956: $? = 1
configure: failed program was:
| /* confdefs.h */
| #define PACKAGE_NAME "libjpeg"
| #define PACKAGE_TARNAME "libjpeg"
| #define PACKAGE_VERSION "9.0.0"
| #define PACKAGE_STRING "libjpeg 9.0.0"
| #define PACKAGE_BUGREPORT ""
| #define PACKAGE_URL ""
| #define PACKAGE "libjpeg"
| #define VERSION "9.0.0"
| #define HAVE_PROTOTYPES 1
| #define STDC_HEADERS 1
| #define HAVE_SYS_TYPES_H 1
| #define HAVE_SYS_STAT_H 1
| #define HAVE_STDLIB_H 1
| #define HAVE_STRING_H 1
| #define HAVE_MEMORY_H 1
| #define HAVE_STRINGS_H 1
| #define HAVE_INTTYPES_H 1
| #define HAVE_STDINT_H 1
| #define HAVE_UNISTD_H 1
| #define HAVE_STDDEF_H 1
| #define HAVE_STDLIB_H 1
| /* end confdefs.h.  */
| #include <locale.h>
configure:4956: result: no
configure:4956: WARNING: locale.h: accepted by the compiler, rejected by the preprocessor!
configure:4956: WARNING: locale.h: proceeding with the compiler's result
configure:4956: checking for locale.h
configure:4956: result: yes
configure:4966: checking for string.h
configure:4966: result: yes
configure:4979: checking for size_t
configure:5006: arm-apple-darwin10-llvm-gcc-4.2 -std=gnu99 -c -isysroot /Applications/Xcode.app/Contents/Developer/Platforms/iPhoneOS.platform/Developer/SDKs/iPhoneOS6.1.sdk  conftest.c >&5
configure:5006: $? = 0
configure:5012: result: yes
configure:5048: checking for type unsigned char
configure:5061: arm-apple-darwin10-llvm-gcc-4.2 -std=gnu99 -c -isysroot /Applications/Xcode.app/Contents/Developer/Platforms/iPhoneOS.platform/Developer/SDKs/iPhoneOS6.1.sdk  conftest.c >&5
configure:5061: $? = 0
configure:5062: result: yes
configure:5073: checking for type unsigned short
configure:5086: arm-apple-darwin10-llvm-gcc-4.2 -std=gnu99 -c -isysroot /Applications/Xcode.app/Contents/Developer/Platforms/iPhoneOS.platform/Developer/SDKs/iPhoneOS6.1.sdk  conftest.c >&5
configure:5086: $? = 0
configure:5087: result: yes
configure:5098: checking for type void
configure:5132: arm-apple-darwin10-llvm-gcc-4.2 -std=gnu99 -c -isysroot /Applications/Xcode.app/Contents/Developer/Platforms/iPhoneOS.platform/Developer/SDKs/iPhoneOS6.1.sdk  conftest.c >&5
configure:5132: $? = 0
configure:5133: result: yes
configure:5143: checking for an ANSI C-conforming const
configure:5209: arm-apple-darwin10-llvm-gcc-4.2 -std=gnu99 -c -isysroot /Applications/Xcode.app/Contents/Developer/Platforms/iPhoneOS.platform/Developer/SDKs/iPhoneOS6.1.sdk  conftest.c >&5
configure:5209: $? = 0
configure:5216: result: yes
configure:5226: checking for inline
configure:5241: arm-apple-darwin10-llvm-gcc-4.2 -std=gnu99 -c -isysroot /Applications/Xcode.app/Contents/Developer/Platforms/iPhoneOS.platform/Developer/SDKs/iPhoneOS6.1.sdk  conftest.c >&5
configure:5241: $? = 0
configure:5279: result: __inline__
configure:5288: checking for broken incomplete types
configure:5301: arm-apple-darwin10-llvm-gcc-4.2 -std=gnu99 -c -isysroot /Applications/Xcode.app/Contents/Developer/Platforms/iPhoneOS.platform/Developer/SDKs/iPhoneOS6.1.sdk  conftest.c >&5
configure:5301: $? = 0
configure:5302: result: ok
configure:5314: checking for short external names
configure:5330: arm-apple-darwin10-llvm-gcc-4.2 -std=gnu99 -o conftest -isysroot /Applications/Xcode.app/Contents/Developer/Platforms/iPhoneOS.platform/Developer/SDKs/iPhoneOS6.1.sdk   conftest.c  >&5
configure:5330: $? = 0
configure:5331: result: ok
configure:5344: checking to see if char is signed
configure:5348: WARNING: Assuming that char is signed on target machine.
    If it is unsigned, this will be a little bit inefficient.
configure:5396: checking to see if right shift is signed
configure:5399: result: Assuming that right shift is signed on target machine.
configure:5451: checking to see if fopen accepts b spec
configure:5454: result: Assuming that it does.
configure:5835: checking how to print strings
configure:5862: result: printf
configure:5883: checking for a sed that does not truncate output
configure:5947: result: /usr/bin/sed
configure:5965: checking for fgrep
configure:6027: result: /usr/bin/grep -F
configure:6062: checking for ld used by arm-apple-darwin10-llvm-gcc-4.2 -std=gnu99
configure:6129: result: /Applications/Xcode.app/Contents/Developer/Platforms/iPhoneOS.platform/Developer/usr/llvm-gcc-4.2/libexec/gcc/arm-apple-darwin10/4.2.1/ld
configure:6136: checking if the linker (/Applications/Xcode.app/Contents/Developer/Platforms/iPhoneOS.platform/Developer/usr/llvm-gcc-4.2/libexec/gcc/arm-apple-darwin10/4.2.1/ld) is GNU ld
configure:6151: result: no
configure:6163: checking for BSD- or MS-compatible name lister (nm)
configure:6212: result: no
configure:6226: checking for arm-apple-darwin-dumpbin
configure:6256: result: no
configure:6226: checking for arm-apple-darwin-link
configure:6256: result: no
configure:6270: checking for dumpbin
configure:6300: result: no
configure:6270: checking for link
configure:6286: found /bin/link
configure:6297: result: link -dump
configure:6342: checking the name lister (nm) interface
configure:6349: arm-apple-darwin10-llvm-gcc-4.2 -std=gnu99 -c -isysroot /Applications/Xcode.app/Contents/Developer/Platforms/iPhoneOS.platform/Developer/SDKs/iPhoneOS6.1.sdk  conftest.c >&5
configure:6352: nm "conftest.o"
configure:6355: output
00000000 S _some_variable
configure:6362: result: BSD nm
configure:6366: checking the maximum length of command line arguments
configure:6496: result: 196608
configure:6513: checking whether the shell understands some XSI constructs
configure:6523: result: yes
configure:6527: checking whether the shell understands "+="
configure:6533: result: yes
configure:6568: checking how to convert i386-apple-darwin11.4.2 file names to arm-apple-darwin format
configure:6608: result: func_convert_file_noop
configure:6615: checking how to convert i386-apple-darwin11.4.2 file names to toolchain format
configure:6635: result: func_convert_file_noop
configure:6642: checking for /Applications/Xcode.app/Contents/Developer/Platforms/iPhoneOS.platform/Developer/usr/llvm-gcc-4.2/libexec/gcc/arm-apple-darwin10/4.2.1/ld option to reload object files
configure:6649: result: -r
configure:6683: checking for arm-apple-darwin-objdump
configure:6710: result: objdump
configure:6779: checking how to recognize dependent libraries
configure:6981: result: pass_all
configure:7026: checking for arm-apple-darwin-dlltool
configure:7053: result: dlltool
configure:7123: checking how to associate runtime and link libraries
configure:7150: result: printf %s\n
configure:7166: checking for arm-apple-darwin-ar
configure:7193: result: ar
configure:7274: checking for archiver @FILE support
configure:7291: arm-apple-darwin10-llvm-gcc-4.2 -std=gnu99 -c -isysroot /Applications/Xcode.app/Contents/Developer/Platforms/iPhoneOS.platform/Developer/SDKs/iPhoneOS6.1.sdk  conftest.c >&5
configure:7291: $? = 0
configure:7294: ar cru libconftest.a @conftest.lst >&5
ar: @conftest.lst: No such file or directory
configure:7297: $? = 1
configure:7317: result: no
configure:7335: checking for arm-apple-darwin-strip
configure:7362: result: strip
configure:7434: checking for arm-apple-darwin-ranlib
configure:7464: result: no
configure:7474: checking for ranlib
configure:7490: found /Applications/Xcode.app/Contents/Developer/Platforms/iPhoneOS.platform/Developer/usr/bin/ranlib
configure:7501: result: ranlib
configure:7603: checking command to parse nm output from arm-apple-darwin10-llvm-gcc-4.2 -std=gnu99 object
configure:7723: arm-apple-darwin10-llvm-gcc-4.2 -std=gnu99 -c -isysroot /Applications/Xcode.app/Contents/Developer/Platforms/iPhoneOS.platform/Developer/SDKs/iPhoneOS6.1.sdk  conftest.c >&5
configure:7726: $? = 0
configure:7730: nm conftest.o \| sed -n -e 's/^.*[ ]\([BCDEGRST][BCDEGRST]*\)[ ][ ]*\([_A-Za-z][_A-Za-z0-9]*\)$/\1 \2 \2/p' | sed '/ __gnu_lto/d' \> conftest.nm
configure:7733: $? = 0
cannot find nm_test_var in conftest.nm
configure:7723: arm-apple-darwin10-llvm-gcc-4.2 -std=gnu99 -c -isysroot /Applications/Xcode.app/Contents/Developer/Platforms/iPhoneOS.platform/Developer/SDKs/iPhoneOS6.1.sdk  conftest.c >&5
configure:7726: $? = 0
configure:7730: nm conftest.o \| sed -n -e 's/^.*[ ]\([BCDEGRST][BCDEGRST]*\)[ ][ ]*_\([_A-Za-z][_A-Za-z0-9]*\)$/\1 _\2 \2/p' | sed '/ __gnu_lto/d' \> conftest.nm
configure:7733: $? = 0
configure:7799: arm-apple-darwin10-llvm-gcc-4.2 -std=gnu99 -o conftest -isysroot /Applications/Xcode.app/Contents/Developer/Platforms/iPhoneOS.platform/Developer/SDKs/iPhoneOS6.1.sdk   conftest.c conftstm.o >&5
configure:7802: $? = 0
configure:7840: result: ok
configure:7877: checking for sysroot
configure:7907: result: no
configure:8123: checking for arm-apple-darwin-mt
configure:8153: result: no
configure:8163: checking for mt
configure:8193: result: no
configure:8213: checking if : is a manifest tool
configure:8219: : '-?'
configure:8227: result: no
configure:8243: checking for arm-apple-darwin-dsymutil
configure:8273: result: no
configure:8283: checking for dsymutil
configure:8299: found /Applications/Xcode.app/Contents/Developer/Platforms/iPhoneOS.platform/Developer/usr/bin/dsymutil
configure:8310: result: dsymutil
configure:8335: checking for arm-apple-darwin-nmedit
configure:8365: result: no
configure:8375: checking for nmedit
configure:8391: found /Applications/Xcode.app/Contents/Developer/Platforms/iPhoneOS.platform/Developer/usr/bin/nmedit
configure:8402: result: nmedit
configure:8427: checking for arm-apple-darwin-lipo
configure:8457: result: no
configure:8467: checking for lipo
configure:8483: found /Applications/Xcode.app/Contents/Developer/Platforms/iPhoneOS.platform/Developer/usr/bin/lipo
configure:8494: result: lipo
configure:8519: checking for arm-apple-darwin-otool
configure:8549: result: no
configure:8559: checking for otool
configure:8575: found /Applications/Xcode.app/Contents/Developer/Platforms/iPhoneOS.platform/Developer/usr/bin/otool
configure:8586: result: otool
configure:8611: checking for arm-apple-darwin-otool64
configure:8641: result: no
configure:8651: checking for otool64
configure:8681: result: no
configure:8726: checking for -single_module linker flag
arm-apple-darwin10-llvm-gcc-4.2 -std=gnu99 -isysroot /Applications/Xcode.app/Contents/Developer/Platforms/iPhoneOS.platform/Developer/SDKs/iPhoneOS6.1.sdk  -o libconftest.dylib -dynamiclib -Wl,-single_module conftest.c
configure:8759: result: yes
configure:8762: checking for -exported_symbols_list linker flag
configure:8782: arm-apple-darwin10-llvm-gcc-4.2 -std=gnu99 -o conftest -isysroot /Applications/Xcode.app/Contents/Developer/Platforms/iPhoneOS.platform/Developer/SDKs/iPhoneOS6.1.sdk   -Wl,-exported_symbols_list,conftest.sym conftest.c  >&5
configure:8782: $? = 0
configure:8792: result: yes
configure:8795: checking for -force_load linker flag
arm-apple-darwin10-llvm-gcc-4.2 -std=gnu99 -isysroot /Applications/Xcode.app/Contents/Developer/Platforms/iPhoneOS.platform/Developer/SDKs/iPhoneOS6.1.sdk -c -o conftest.o conftest.c
ar cru libconftest.a conftest.o
ranlib libconftest.a
arm-apple-darwin10-llvm-gcc-4.2 -std=gnu99 -isysroot /Applications/Xcode.app/Contents/Developer/Platforms/iPhoneOS.platform/Developer/SDKs/iPhoneOS6.1.sdk  -o conftest conftest.c -Wl,-force_load,./libconftest.a
configure:8827: result: yes
configure:8866: checking for dlfcn.h
configure:8866: arm-apple-darwin10-llvm-gcc-4.2 -std=gnu99 -c -isysroot /Applications/Xcode.app/Contents/Developer/Platforms/iPhoneOS.platform/Developer/SDKs/iPhoneOS6.1.sdk  conftest.c >&5
configure:8866: $? = 0
configure:8866: result: yes
configure:9070: checking for objdir
configure:9085: result: .libs
configure:9352: checking if arm-apple-darwin10-llvm-gcc-4.2 -std=gnu99 supports -fno-rtti -fno-exceptions
configure:9370: arm-apple-darwin10-llvm-gcc-4.2 -std=gnu99 -c -isysroot /Applications/Xcode.app/Contents/Developer/Platforms/iPhoneOS.platform/Developer/SDKs/iPhoneOS6.1.sdk  -fno-rtti -fno-exceptions conftest.c >&5
cc1: warning: command line option "-fno-rtti" is valid for C++/ObjC++ but not for C
configure:9374: $? = 0
configure:9387: result: no
configure:9714: checking for arm-apple-darwin10-llvm-gcc-4.2 -std=gnu99 option to produce PIC
configure:9721: result: -fno-common -DPIC
configure:9729: checking if arm-apple-darwin10-llvm-gcc-4.2 -std=gnu99 PIC flag -fno-common -DPIC works
configure:9747: arm-apple-darwin10-llvm-gcc-4.2 -std=gnu99 -c -isysroot /Applications/Xcode.app/Contents/Developer/Platforms/iPhoneOS.platform/Developer/SDKs/iPhoneOS6.1.sdk  -fno-common -DPIC -DPIC conftest.c >&5
configure:9751: $? = 0
configure:9764: result: yes
configure:9793: checking if arm-apple-darwin10-llvm-gcc-4.2 -std=gnu99 static flag -static works
configure:9821: result: no
configure:9836: checking if arm-apple-darwin10-llvm-gcc-4.2 -std=gnu99 supports -c -o file.o
configure:9857: arm-apple-darwin10-llvm-gcc-4.2 -std=gnu99 -c -isysroot /Applications/Xcode.app/Contents/Developer/Platforms/iPhoneOS.platform/Developer/SDKs/iPhoneOS6.1.sdk  -o out/conftest2.o conftest.c >&5
configure:9861: $? = 0
configure:9883: result: yes
configure:9891: checking if arm-apple-darwin10-llvm-gcc-4.2 -std=gnu99 supports -c -o file.o
configure:9938: result: yes
configure:9971: checking whether the arm-apple-darwin10-llvm-gcc-4.2 -std=gnu99 linker (/Applications/Xcode.app/Contents/Developer/Platforms/iPhoneOS.platform/Developer/usr/llvm-gcc-4.2/libexec/gcc/arm-apple-darwin10/4.2.1/ld) supports shared libraries
configure:11124: result: yes
configure:11364: checking dynamic linker characteristics
configure:12097: result: darwin dyld
configure:12204: checking how to hardcode library paths into programs
configure:12229: result: immediate
configure:12769: checking whether stripping libraries is possible
configure:12783: result: yes
configure:12809: checking if libtool supports shared libraries
configure:12811: result: yes
configure:12814: checking whether to build shared libraries
configure:12835: result: no
configure:12838: checking whether to build static libraries
configure:12842: result: yes
configure:12961: checking libjpeg version number
configure:12967: result: 9:0:0
configure:13081: checking that generated files are newer than configure
configure:13087: result: done
configure:13118: creating ./config.status

## ---------------------- ##
## Running config.status. ##
## ---------------------- ##

This file was extended by libjpeg config.status 9.0.0, which was
generated by GNU Autoconf 2.69.  Invocation command line was

  CONFIG_FILES    = 
  CONFIG_HEADERS  = 
  CONFIG_LINKS    = 
  CONFIG_COMMANDS = 
  $ ./config.status 

on ycmatoMacBook-Pro.local

config.status:1097: creating Makefile
config.status:1097: creating jconfig.h
config.status:1278: jconfig.h is unchanged
config.status:1326: executing depfiles commands
config.status:1326: executing libtool commands

## ---------------- ##
## Cache variables. ##
## ---------------- ##

ac_cv_build=i386-apple-darwin11.4.2
ac_cv_c_compiler_gnu=yes
ac_cv_c_const=yes
ac_cv_env_CC_set=set
ac_cv_env_CC_value=arm-apple-darwin10-llvm-gcc-4.2
ac_cv_env_CFLAGS_set=set
ac_cv_env_CFLAGS_value='-isysroot /Applications/Xcode.app/Contents/Developer/Platforms/iPhoneOS.platform/Developer/SDKs/iPhoneOS6.1.sdk'
ac_cv_env_CPPFLAGS_set=
ac_cv_env_CPPFLAGS_value=
ac_cv_env_CPP_set=
ac_cv_env_CPP_value=
ac_cv_env_LDFLAGS_set=
ac_cv_env_LDFLAGS_value=
ac_cv_env_LIBS_set=
ac_cv_env_LIBS_value=
ac_cv_env_build_alias_set=
ac_cv_env_build_alias_value=
ac_cv_env_host_alias_set=set
ac_cv_env_host_alias_value=arm-apple-darwin
ac_cv_env_target_alias_set=
ac_cv_env_target_alias_value=
ac_cv_header_dlfcn_h=yes
ac_cv_header_inttypes_h=yes
ac_cv_header_locale_h=yes
ac_cv_header_memory_h=yes
ac_cv_header_stdc=yes
ac_cv_header_stddef_h=yes
ac_cv_header_stdint_h=yes
ac_cv_header_stdlib_h=yes
ac_cv_header_string_h=yes
ac_cv_header_strings_h=yes
ac_cv_header_sys_stat_h=yes
ac_cv_header_sys_types_h=yes
ac_cv_header_unistd_h=yes
ac_cv_host=arm-apple-darwin
ac_cv_objext=o
ac_cv_path_EGREP='/usr/bin/grep -E'
ac_cv_path_FGREP='/usr/bin/grep -F'
ac_cv_path_GREP=/usr/bin/grep
ac_cv_path_SED=/usr/bin/sed
ac_cv_path_install='/usr/bin/install -c'
ac_cv_prog_AR=ar
ac_cv_prog_AWK=awk
ac_cv_prog_CC=arm-apple-darwin10-llvm-gcc-4.2
ac_cv_prog_CPP='arm-apple-darwin10-llvm-gcc-4.2 -std=gnu99 -E -traditional-cpp'
ac_cv_prog_DLLTOOL=dlltool
ac_cv_prog_OBJDUMP=objdump
ac_cv_prog_STRIP=strip
ac_cv_prog_ac_ct_AR=ar
ac_cv_prog_ac_ct_DSYMUTIL=dsymutil
ac_cv_prog_ac_ct_DUMPBIN='link -dump'
ac_cv_prog_ac_ct_LIPO=lipo
ac_cv_prog_ac_ct_NMEDIT=nmedit
ac_cv_prog_ac_ct_OTOOL=otool
ac_cv_prog_ac_ct_RANLIB=ranlib
ac_cv_prog_ac_ct_STRIP=strip
ac_cv_prog_cc_c89=
ac_cv_prog_cc_c99=-std=gnu99
ac_cv_prog_cc_g=yes
ac_cv_prog_cc_stdc=-std=gnu99
ac_cv_prog_make_make_set=yes
ac_cv_target=arm-apple-darwin
am_cv_CC_dependencies_compiler_type=gcc3
am_cv_ar_interface=ar
am_cv_make_support_nested_variables=yes
ijg_cv_have_prototypes=yes
ijg_cv_inline=__inline__
lt_cv_apple_cc_single_mod=yes
lt_cv_ar_at_file=no
lt_cv_deplibs_check_method=pass_all
lt_cv_file_magic_cmd='$MAGIC_CMD'
lt_cv_file_magic_test_file=
lt_cv_ld_exported_symbols_list=yes
lt_cv_ld_force_load=yes
lt_cv_ld_reload_flag=-r
lt_cv_nm_interface='BSD nm'
lt_cv_objdir=.libs
lt_cv_path_LD=/Applications/Xcode.app/Contents/Developer/Platforms/iPhoneOS.platform/Developer/usr/llvm-gcc-4.2/libexec/gcc/arm-apple-darwin10/4.2.1/ld
lt_cv_path_NM=no
lt_cv_path_mainfest_tool=no
lt_cv_prog_compiler_c_o=yes
lt_cv_prog_compiler_pic='-fno-common -DPIC'
lt_cv_prog_compiler_pic_works=yes
lt_cv_prog_compiler_rtti_exceptions=no
lt_cv_prog_compiler_static_works=no
lt_cv_prog_gnu_ld=no
lt_cv_sharedlib_from_linklib_cmd='printf %s\n'
lt_cv_sys_global_symbol_pipe='sed -n -e '\''s/^.*[	 ]\([BCDEGRST][BCDEGRST]*\)[	 ][	 ]*_\([_A-Za-z][_A-Za-z0-9]*\)$/\1 _\2 \2/p'\'' | sed '\''/ __gnu_lto/d'\'''
lt_cv_sys_global_symbol_to_c_name_address='sed -n -e '\''s/^: \([^ ]*\)[ ]*$/  {\"\1\", (void *) 0},/p'\'' -e '\''s/^[BCDEGRST]* \([^ ]*\) \([^ ]*\)$/  {"\2", (void *) \&\2},/p'\'''
lt_cv_sys_global_symbol_to_c_name_address_lib_prefix='sed -n -e '\''s/^: \([^ ]*\)[ ]*$/  {\"\1\", (void *) 0},/p'\'' -e '\''s/^[BCDEGRST]* \([^ ]*\) \(lib[^ ]*\)$/  {"\2", (void *) \&\2},/p'\'' -e '\''s/^[BCDEGRST]* \([^ ]*\) \([^ ]*\)$/  {"lib\2", (void *) \&\2},/p'\'''
lt_cv_sys_global_symbol_to_cdecl='sed -n -e '\''s/^T .* \(.*\)$/extern int \1();/p'\'' -e '\''s/^[BCDEGRST]* .* \(.*\)$/extern char \1;/p'\'''
lt_cv_sys_max_cmd_len=196608
lt_cv_to_host_file_cmd=func_convert_file_noop
lt_cv_to_tool_file_cmd=func_convert_file_noop

## ----------------- ##
## Output variables. ##
## ----------------- ##

ACLOCAL='${SHELL} /Users/yc/Desktop/ons/onscripter_ios/jpeg-9/missing aclocal-1.13'
AMDEPBACKSLASH='\'
AMDEP_FALSE='#'
AMDEP_TRUE=''
AMTAR='$${TAR-tar}'
AM_BACKSLASH='\'
AM_DEFAULT_V='$(AM_DEFAULT_VERBOSITY)'
AM_DEFAULT_VERBOSITY='0'
AM_V='$(V)'
AR='ar'
AS='as'
AUTOCONF='${SHELL} /Users/yc/Desktop/ons/onscripter_ios/jpeg-9/missing autoconf'
AUTOHEADER='echo autoheader ignored'
AUTOMAKE='${SHELL} /Users/yc/Desktop/ons/onscripter_ios/jpeg-9/missing automake-1.13'
AWK='awk'
CC='arm-apple-darwin10-llvm-gcc-4.2 -std=gnu99'
CCDEPMODE='depmode=gcc3'
CFLAGS='-isysroot /Applications/Xcode.app/Contents/Developer/Platforms/iPhoneOS.platform/Developer/SDKs/iPhoneOS6.1.sdk'
CPP='arm-apple-darwin10-llvm-gcc-4.2 -std=gnu99 -E -traditional-cpp'
CPPFLAGS=''
CYGPATH_W='echo'
DEFS='-DHAVE_CONFIG_H'
DEPDIR='.deps'
DLLTOOL='dlltool'
DSYMUTIL='dsymutil'
DUMPBIN=':'
ECHO_C='\c'
ECHO_N=''
ECHO_T=''
EGREP='/usr/bin/grep -E'
EXEEXT=''
FGREP='/usr/bin/grep -F'
GREP='/usr/bin/grep'
HAVE_LD_VERSION_SCRIPT_FALSE=''
HAVE_LD_VERSION_SCRIPT_TRUE='#'
INSTALL_DATA='${INSTALL} -m 644'
INSTALL_PROGRAM='${INSTALL}'
INSTALL_SCRIPT='${INSTALL}'
INSTALL_STRIP_PROGRAM='$(install_sh) -c -s'
JPEG_LIB_VERSION='9:0:0'
LD='/Applications/Xcode.app/Contents/Developer/Platforms/iPhoneOS.platform/Developer/usr/llvm-gcc-4.2/libexec/gcc/arm-apple-darwin10/4.2.1/ld'
LDFLAGS=''
LIBOBJS=''
LIBS=''
LIBTOOL='$(SHELL) $(top_builddir)/libtool'
LIPO='lipo'
LN_S='ln -s'
LTLIBOBJS=''
MAINT='#'
MAINTAINER_MODE_FALSE=''
MAINTAINER_MODE_TRUE='#'
MAKEINFO='${SHELL} /Users/yc/Desktop/ons/onscripter_ios/jpeg-9/missing makeinfo'
MANIFEST_TOOL=':'
MEMORYMGR='jmemnobs'
MKDIR_P='./install-sh -c -d'
NM='nm'
NMEDIT='nmedit'
OBJDUMP='objdump'
OBJEXT='o'
OTOOL64=':'
OTOOL='otool'
PACKAGE='libjpeg'
PACKAGE_BUGREPORT=''
PACKAGE_NAME='libjpeg'
PACKAGE_STRING='libjpeg 9.0.0'
PACKAGE_TARNAME='libjpeg'
PACKAGE_URL=''
PACKAGE_VERSION='9.0.0'
PATH_SEPARATOR=':'
RANLIB='ranlib'
SED='/usr/bin/sed'
SET_MAKE=''
SHELL='/bin/sh'
STRIP='strip'
VERSION='9.0.0'
ac_ct_AR='ar'
ac_ct_CC=''
ac_ct_DUMPBIN='link -dump'
am__EXEEXT_FALSE=''
am__EXEEXT_TRUE='#'
am__fastdepCC_FALSE='#'
am__fastdepCC_TRUE=''
am__include='include'
am__isrc=''
am__leading_dot='.'
am__nodep='_no'
am__quote=''
am__tar='$${TAR-tar} chof - "$$tardir"'
am__untar='$${TAR-tar} xf -'
bindir='${exec_prefix}/bin'
build='i386-apple-darwin11.4.2'
build_alias=''
build_cpu='i386'
build_os='darwin11.4.2'
build_vendor='apple'
datadir='${datarootdir}'
datarootdir='${prefix}/share'
docdir='${datarootdir}/doc/${PACKAGE_TARNAME}'
dvidir='${docdir}'
exec_prefix='${prefix}'
host='arm-apple-darwin'
host_alias='arm-apple-darwin'
host_cpu='arm'
host_os='darwin'
host_vendor='apple'
htmldir='${docdir}'
includedir='${prefix}/include'
infodir='${datarootdir}/info'
install_sh='${SHELL} /Users/yc/Desktop/ons/onscripter_ios/jpeg-9/install-sh'
libdir='${exec_prefix}/lib'
libexecdir='${exec_prefix}/libexec'
localedir='${datarootdir}/locale'
localstatedir='${prefix}/var'
mandir='${datarootdir}/man'
mkdir_p='$(MKDIR_P)'
oldincludedir='/usr/include'
pdfdir='${docdir}'
prefix='/Users/yc/Desktop/ons/onscripter_ios/Release-iphoneos'
program_transform_name='s,x,x,'
psdir='${docdir}'
sbindir='${exec_prefix}/sbin'
sharedstatedir='${prefix}/com'
sysconfdir='${prefix}/etc'
target='arm-apple-darwin'
target_alias=''
target_cpu='arm'
target_os='darwin'
target_vendor='apple'

## ----------- ##
## confdefs.h. ##
## ----------- ##

/* confdefs.h */
#define PACKAGE_NAME "libjpeg"
#define PACKAGE_TARNAME "libjpeg"
#define PACKAGE_VERSION "9.0.0"
#define PACKAGE_STRING "libjpeg 9.0.0"
#define PACKAGE_BUGREPORT ""
#define PACKAGE_URL ""
#define PACKAGE "libjpeg"
#define VERSION "9.0.0"
#define HAVE_PROTOTYPES 1
#define STDC_HEADERS 1
#define HAVE_SYS_TYPES_H 1
#define HAVE_SYS_STAT_H 1
#define HAVE_STDLIB_H 1
#define HAVE_STRING_H 1
#define HAVE_MEMORY_H 1
#define HAVE_STRINGS_H 1
#define HAVE_INTTYPES_H 1
#define HAVE_STDINT_H 1
#define HAVE_UNISTD_H 1
#define HAVE_STDDEF_H 1
#define HAVE_STDLIB_H 1
#define HAVE_LOCALE_H 1
#define HAVE_UNSIGNED_CHAR 1
#define HAVE_UNSIGNED_SHORT 1
#define INLINE __inline__
#define HAVE_DLFCN_H 1
#define LT_OBJDIR ".libs/"

configure: exit 0
